# JRE version: Java(TM) SE Runtime Environment (20.0.1+9) (build 20.0.1+9-29)
# Java VM: Java HotSpot(TM) 64-Bit Server VM (20.0.1+9-29, mixed mode, sharing, tiered, compressed oops, compressed class ptrs, g1 gc, windows-amd64)
GC Precious Log:
 CardTable entry size: 512
 Card Set container configuration: InlinePtr #cards 5 size 8 Array Of Cards #cards 12 size 40 Howl #buckets 4 coarsen threshold 1843 Howl Bitmap #cards 512 size 80 coarsen threshold 460 Card regions per heap region 1 cards per card region 2048
 CPUs: 16 total, 16 available
 Memory: 5996M
 Large Page Support: Disabled
 NUMA Support: Disabled
 Compressed Oops: Enabled (32-bit)
 Heap Region Size: 1M
 Heap Min Capacity: 8M
 Heap Initial Capacity: 94M
 Heap Max Capacity: 1500M
 Pre-touch: Disabled
 Parallel Workers: 13
 Concurrent Workers: 3
 Concurrent Refinement Workers: 13
 Periodic GC: Disabled
Heap:
 garbage-first heap   total 121856K, used 84480K [0x00000000a2400000, 0x0000000100000000)
  region size 1024K, 38 young (38912K), 8 survivors (8192K)
 Metaspace       used 46785K, committed 47296K, reserved 1114112K
  class space    used 5333K, committed 5568K, reserved 1048576K
GC Heap History (20 events):
Event: 6.455 GC heap before
{Heap before GC invocations=6 (full 0):
 garbage-first heap   total 96256K, used 57608K [0x00000000a2400000, 0x0000000100000000)
  region size 1024K, 40 young (40960K), 6 survivors (6144K)
 Metaspace       used 21237K, committed 21504K, reserved 1114112K
  class space    used 2439K, committed 2560K, reserved 1048576K
}
Event: 6.465 GC heap after
{Heap after GC invocations=7 (full 0):
 garbage-first heap   total 115712K, used 25814K [0x00000000a2400000, 0x0000000100000000)
  region size 1024K, 5 young (5120K), 5 survivors (5120K)
 Metaspace       used 21237K, committed 21504K, reserved 1114112K
  class space    used 2439K, committed 2560K, reserved 1048576K
}
Event: 6.857 GC heap before
{Heap before GC invocations=8 (full 0):
 garbage-first heap   total 96256K, used 89302K [0x00000000a2400000, 0x0000000100000000)
  region size 1024K, 67 young (68608K), 5 survivors (5120K)
 Metaspace       used 23839K, committed 24256K, reserved 1114112K
  class space    used 2791K, committed 3008K, reserved 1048576K
}
Event: 6.867 GC heap after
{Heap after GC invocations=9 (full 0):
 garbage-first heap   total 99328K, used 29593K [0x00000000a2400000, 0x0000000100000000)
  region size 1024K, 9 young (9216K), 9 survivors (9216K)
 Metaspace       used 23839K, committed 24256K, reserved 1114112K
  class space    used 2791K, committed 3008K, reserved 1048576K
}
Event: 7.155 GC heap before
{Heap before GC invocations=9 (full 0):
 garbage-first heap   total 99328K, used 79769K [0x00000000a2400000, 0x0000000100000000)
  region size 1024K, 58 young (59392K), 9 survivors (9216K)
 Metaspace       used 26131K, committed 26432K, reserved 1114112K
  class space    used 2996K, committed 3136K, reserved 1048576K
}
Event: 7.168 GC heap after
{Heap after GC invocations=10 (full 0):
 garbage-first heap   total 99328K, used 32256K [0x00000000a2400000, 0x0000000100000000)
  region size 1024K, 7 young (7168K), 7 survivors (7168K)
 Metaspace       used 26131K, committed 26432K, reserved 1114112K
  class space    used 2996K, committed 3136K, reserved 1048576K
}
Event: 7.418 GC heap before
{Heap before GC invocations=10 (full 0):
 garbage-first heap   total 99328K, used 84480K [0x00000000a2400000, 0x0000000100000000)
  region size 1024K, 58 young (59392K), 7 survivors (7168K)
 Metaspace       used 28093K, committed 28416K, reserved 1114112K
  class space    used 3177K, committed 3328K, reserved 1048576K
}
Event: 7.426 GC heap after
{Heap after GC invocations=11 (full 0):
 garbage-first heap   total 99328K, used 34587K [0x00000000a2400000, 0x0000000100000000)
  region size 1024K, 6 young (6144K), 6 survivors (6144K)
 Metaspace       used 28093K, committed 28416K, reserved 1114112K
  class space    used 3177K, committed 3328K, reserved 1048576K
}
Event: 7.731 GC heap before
{Heap before GC invocations=11 (full 0):
 garbage-first heap   total 99328K, used 86811K [0x00000000a2400000, 0x0000000100000000)
  region size 1024K, 57 young (58368K), 6 survivors (6144K)
 Metaspace       used 30527K, committed 30848K, reserved 1114112K
  class space    used 3403K, committed 3520K, reserved 1048576K
}
Event: 7.739 GC heap after
{Heap after GC invocations=12 (full 0):
 garbage-first heap   total 121856K, used 36246K [0x00000000a2400000, 0x0000000100000000)
  region size 1024K, 5 young (5120K), 5 survivors (5120K)
 Metaspace       used 30527K, committed 30848K, reserved 1114112K
  class space    used 3403K, committed 3520K, reserved 1048576K
}
Event: 8.264 GC heap before
{Heap before GC invocations=12 (full 0):
 garbage-first heap   total 121856K, used 102806K [0x00000000a2400000, 0x0000000100000000)
  region size 1024K, 71 young (72704K), 5 survivors (5120K)
 Metaspace       used 33329K, committed 33728K, reserved 1114112K
  class space    used 3778K, committed 3968K, reserved 1048576K
}
Event: 8.273 GC heap after
{Heap after GC invocations=13 (full 0):
 garbage-first heap   total 121856K, used 40464K [0x00000000a2400000, 0x0000000100000000)
  region size 1024K, 9 young (9216K), 9 survivors (9216K)
 Metaspace       used 33329K, committed 33728K, reserved 1114112K
  class space    used 3778K, committed 3968K, reserved 1048576K
}
Event: 12.554 GC heap before
{Heap before GC invocations=13 (full 0):
 garbage-first heap   total 121856K, used 80400K [0x00000000a2400000, 0x0000000100000000)
  region size 1024K, 49 young (50176K), 9 survivors (9216K)
 Metaspace       used 35725K, committed 36096K, reserved 1114112K
  class space    used 4075K, committed 4288K, reserved 1048576K
}
Event: 12.567 GC heap after
{Heap after GC invocations=14 (full 0):
 garbage-first heap   total 121856K, used 42452K [0x00000000a2400000, 0x0000000100000000)
  region size 1024K, 7 young (7168K), 7 survivors (7168K)
 Metaspace       used 35725K, committed 36096K, reserved 1114112K
  class space    used 4075K, committed 4288K, reserved 1048576K
}
Event: 115.684 GC heap before
{Heap before GC invocations=15 (full 0):
 garbage-first heap   total 121856K, used 106964K [0x00000000a2400000, 0x0000000100000000)
  region size 1024K, 70 young (71680K), 7 survivors (7168K)
 Metaspace       used 39092K, committed 39424K, reserved 1114112K
  class space    used 4449K, committed 4608K, reserved 1048576K
}
Event: 116.008 GC heap after
{Heap after GC invocations=16 (full 0):
 garbage-first heap   total 121856K, used 47616K [0x00000000a2400000, 0x0000000100000000)
  region size 1024K, 8 young (8192K), 8 survivors (8192K)
 Metaspace       used 39092K, committed 39424K, reserved 1114112K
  class space    used 4449K, committed 4608K, reserved 1048576K
}
Event: 117.416 GC heap before
{Heap before GC invocations=16 (full 0):
 garbage-first heap   total 121856K, used 102912K [0x00000000a2400000, 0x0000000100000000)
  region size 1024K, 63 young (64512K), 8 survivors (8192K)
 Metaspace       used 41733K, committed 42176K, reserved 1114112K
  class space    used 4738K, committed 4928K, reserved 1048576K
}
Event: 117.454 GC heap after
{Heap after GC invocations=17 (full 0):
 garbage-first heap   total 121856K, used 50688K [0x00000000a2400000, 0x0000000100000000)
  region size 1024K, 4 young (4096K), 4 survivors (4096K)
 Metaspace       used 41733K, committed 42176K, reserved 1114112K
  class space    used 4738K, committed 4928K, reserved 1048576K
}
Event: 118.781 GC heap before
{Heap before GC invocations=17 (full 0):
 garbage-first heap   total 121856K, used 110080K [0x00000000a2400000, 0x0000000100000000)
  region size 1024K, 62 young (63488K), 4 survivors (4096K)
 Metaspace       used 44842K, committed 45312K, reserved 1114112K
  class space    used 5143K, committed 5376K, reserved 1048576K
}
Event: 118.801 GC heap after
{Heap after GC invocations=18 (full 0):
 garbage-first heap   total 121856K, used 54784K [0x00000000a2400000, 0x0000000100000000)
  region size 1024K, 8 young (8192K), 8 survivors (8192K)
 Metaspace       used 44842K, committed 45312K, reserved 1114112K
  class space    used 5143K, committed 5376K, reserved 1048576K
}

